2021-06-19 14:52:34 - [Debug] :Loading QSS file: :/qss/WhiteStyle.qss
2021-06-19 18:05:10 - [Debug] :Loading QSS file: :/qss/WhiteStyle.qss
2021-06-19 18:05:24 - [Info ] :"连接分机失败."
2021-06-19 18:05:25 - [Info ] :"读取主机系统参数失败."
2021-06-19 18:05:25 - [Info ] :"读取主机网络参数失败."
2021-06-19 18:05:25 - [Info ] :"读取主机网络参数失败."
2021-06-19 18:05:25 - [Info ] :"读取主机网络参数失败."
2021-06-19 18:05:25 - [Info ] :"读取分机(0)系统参数失败."
2021-06-19 18:05:25 - [Info ] :"读取分机(1)系统参数失败."
2021-06-19 18:05:25 - [Info ] :"读取分机(2)系统参数失败."
2021-06-19 18:05:25 - [Info ] :"读取分机(3)系统参数失败."
2021-06-19 18:05:25 - [Info ] :"读取分机(4)系统参数失败."
2021-06-19 18:05:25 - [Info ] :"读取分机(5)系统参数失败."
2021-06-19 18:05:25 - [Info ] :"读取分机(6)系统参数失败."
2021-06-19 18:05:25 - [Info ] :"读取分机(7)系统参数失败."
2021-06-19 18:05:25 - [Info ] :"读取分机(8)系统参数失败."
2021-06-19 18:05:25 - [Info ] :"读取分机(9)系统参数失败."
2021-06-19 18:05:25 - [Info ] :"读取分机(10)系统参数失败."
2021-06-19 18:05:25 - [Info ] :"读取分机(11)系统参数失败."
2021-06-19 18:05:25 - [Info ] :"读取分机(12)系统参数失败."
2021-06-19 18:05:25 - [Info ] :"读取分机(13)系统参数失败."
2021-06-19 18:05:25 - [Info ] :"读取分机(14)系统参数失败."
2021-06-19 18:05:25 - [Info ] :"读取分机(15)系统参数失败."
2021-06-19 18:05:25 - [Info ] :"读取分机(16)系统参数失败."
2021-06-19 18:05:25 - [Info ] :"读取分机(17)系统参数失败."
2021-06-19 18:05:25 - [Info ] :"读取分机(18)系统参数失败."
2021-06-19 18:05:25 - [Info ] :"读取分机(19)系统参数失败."
2021-06-19 18:05:25 - [Info ] :"读取分机(20)系统参数失败."
2021-06-19 18:05:25 - [Info ] :"读取分机(21)系统参数失败."
2021-06-19 18:05:25 - [Info ] :"读取分机(22)系统参数失败."
2021-06-19 18:05:25 - [Info ] :"读取分机(23)系统参数失败."
2021-06-19 18:05:25 - [Info ] :"读取分机(24)系统参数失败."
2021-06-19 18:05:25 - [Info ] :"读取分机(25)系统参数失败."
2021-06-19 18:05:25 - [Info ] :"读取分机(26)系统参数失败."
2021-06-19 18:05:25 - [Info ] :"读取分机(27)系统参数失败."
2021-06-19 18:05:25 - [Info ] :"读取分机(28)系统参数失败."
2021-06-19 18:05:25 - [Info ] :"读取分机(29)系统参数失败."
2021-06-19 18:05:25 - [Info ] :"读取分机(30)系统参数失败."
2021-06-19 18:05:25 - [Info ] :"读取分机(31)系统参数失败."
2021-06-19 22:26:57 - [Debug] :Loading QSS file: :/qss/WhiteStyle.qss
2021-06-19 22:27:00 - [Info ] :"连接分机失败."
2021-06-19 22:27:00 - [Info ] :"读取主机系统参数失败."
2021-06-19 22:27:00 - [Info ] :"读取主机网络参数失败."
2021-06-19 22:27:00 - [Info ] :"读取主机网络参数失败."
2021-06-19 22:27:00 - [Info ] :"读取主机网络参数失败."
2021-06-19 22:27:00 - [Info ] :"读取分机(0)系统参数失败."
2021-06-19 22:27:00 - [Info ] :"读取分机(1)系统参数失败."
2021-06-19 22:27:00 - [Info ] :"读取分机(2)系统参数失败."
2021-06-19 22:27:00 - [Info ] :"读取分机(3)系统参数失败."
2021-06-19 22:27:00 - [Info ] :"读取分机(4)系统参数失败."
2021-06-19 22:27:00 - [Info ] :"读取分机(5)系统参数失败."
2021-06-19 22:27:00 - [Info ] :"读取分机(6)系统参数失败."
2021-06-19 22:27:00 - [Info ] :"读取分机(7)系统参数失败."
2021-06-19 22:27:00 - [Info ] :"读取分机(8)系统参数失败."
2021-06-19 22:27:00 - [Info ] :"读取分机(9)系统参数失败."
2021-06-19 22:27:00 - [Info ] :"读取分机(10)系统参数失败."
2021-06-19 22:27:00 - [Info ] :"读取分机(11)系统参数失败."
2021-06-19 22:27:00 - [Info ] :"读取分机(12)系统参数失败."
2021-06-19 22:27:00 - [Info ] :"读取分机(13)系统参数失败."
2021-06-19 22:27:00 - [Info ] :"读取分机(14)系统参数失败."
2021-06-19 22:27:00 - [Info ] :"读取分机(15)系统参数失败."
2021-06-19 22:27:00 - [Info ] :"读取分机(16)系统参数失败."
2021-06-19 22:27:00 - [Info ] :"读取分机(17)系统参数失败."
2021-06-19 22:27:00 - [Info ] :"读取分机(18)系统参数失败."
2021-06-19 22:27:00 - [Info ] :"读取分机(19)系统参数失败."
2021-06-19 22:27:00 - [Info ] :"读取分机(20)系统参数失败."
2021-06-19 22:27:00 - [Info ] :"读取分机(21)系统参数失败."
2021-06-19 22:27:00 - [Info ] :"读取分机(22)系统参数失败."
2021-06-19 22:27:00 - [Info ] :"读取分机(23)系统参数失败."
2021-06-19 22:27:00 - [Info ] :"读取分机(24)系统参数失败."
2021-06-19 22:27:00 - [Info ] :"读取分机(25)系统参数失败."
2021-06-19 22:27:00 - [Info ] :"读取分机(26)系统参数失败."
2021-06-19 22:27:00 - [Info ] :"读取分机(27)系统参数失败."
2021-06-19 22:27:00 - [Info ] :"读取分机(28)系统参数失败."
2021-06-19 22:27:00 - [Info ] :"读取分机(29)系统参数失败."
2021-06-19 22:27:00 - [Info ] :"读取分机(30)系统参数失败."
2021-06-19 22:27:00 - [Info ] :"读取分机(31)系统参数失败."
2021-06-19 22:42:26 - [Debug] :Loading QSS file: :/qss/WhiteStyle.qss
2021-06-19 22:42:30 - [Info ] :"连接分机失败."
2021-06-19 22:42:30 - [Info ] :"读取主机系统参数失败."
2021-06-19 22:42:30 - [Info ] :"读取主机网络参数失败."
2021-06-19 22:42:30 - [Info ] :"读取主机网络参数失败."
2021-06-19 22:42:30 - [Info ] :"读取主机网络参数失败."
2021-06-19 22:42:30 - [Info ] :"读取分机(0)系统参数失败."
2021-06-19 22:42:30 - [Info ] :"读取分机(1)系统参数失败."
2021-06-19 22:42:30 - [Info ] :"读取分机(2)系统参数失败."
2021-06-19 22:42:30 - [Info ] :"读取分机(3)系统参数失败."
2021-06-19 22:42:30 - [Info ] :"读取分机(4)系统参数失败."
2021-06-19 22:42:30 - [Info ] :"读取分机(5)系统参数失败."
2021-06-19 22:42:30 - [Info ] :"读取分机(6)系统参数失败."
2021-06-19 22:42:30 - [Info ] :"读取分机(7)系统参数失败."
2021-06-19 22:42:30 - [Info ] :"读取分机(8)系统参数失败."
2021-06-19 22:42:30 - [Info ] :"读取分机(9)系统参数失败."
2021-06-19 22:42:30 - [Info ] :"读取分机(10)系统参数失败."
2021-06-19 22:42:30 - [Info ] :"读取分机(11)系统参数失败."
2021-06-19 22:42:30 - [Info ] :"读取分机(12)系统参数失败."
2021-06-19 22:42:30 - [Info ] :"读取分机(13)系统参数失败."
2021-06-19 22:42:30 - [Info ] :"读取分机(14)系统参数失败."
2021-06-19 22:42:30 - [Info ] :"读取分机(15)系统参数失败."
2021-06-19 22:42:30 - [Info ] :"读取分机(16)系统参数失败."
2021-06-19 22:42:30 - [Info ] :"读取分机(17)系统参数失败."
2021-06-19 22:42:30 - [Info ] :"读取分机(18)系统参数失败."
2021-06-19 22:42:30 - [Info ] :"读取分机(19)系统参数失败."
2021-06-19 22:42:30 - [Info ] :"读取分机(20)系统参数失败."
2021-06-19 22:42:30 - [Info ] :"读取分机(21)系统参数失败."
2021-06-19 22:42:30 - [Info ] :"读取分机(22)系统参数失败."
2021-06-19 22:42:30 - [Info ] :"读取分机(23)系统参数失败."
2021-06-19 22:42:30 - [Info ] :"读取分机(24)系统参数失败."
2021-06-19 22:42:30 - [Info ] :"读取分机(25)系统参数失败."
2021-06-19 22:42:30 - [Info ] :"读取分机(26)系统参数失败."
2021-06-19 22:42:30 - [Info ] :"读取分机(27)系统参数失败."
2021-06-19 22:42:30 - [Info ] :"读取分机(28)系统参数失败."
2021-06-19 22:42:30 - [Info ] :"读取分机(29)系统参数失败."
2021-06-19 22:42:30 - [Info ] :"读取分机(30)系统参数失败."
2021-06-19 22:42:30 - [Info ] :"读取分机(31)系统参数失败."
